# JRE version: Java(TM) SE Runtime Environment (8.0_31-b13) (build 1.8.0_31-b13)
# Java VM: Java HotSpot(TM) Client VM (25.31-b07 mixed mode windows-x86 )
Heap:
 def new generation   total 24704K, used 22682K [0x03c00000, 0x056c0000, 0x19150000)
  eden space 22016K,  90% used [0x03c00000, 0x04f86838, 0x05180000)
  from space 2688K, 100% used [0x05180000, 0x05420000, 0x05420000)
  to   space 2688K,   0% used [0x05420000, 0x05420000, 0x056c0000)
 tenured generation   total 54620K, used 37265K [0x19150000, 0x1c6a7000, 0x43c00000)
   the space 54620K,  68% used [0x19150000, 0x1b5b4588, 0x1b5b4600, 0x1c6a7000)
 Metaspace       used 37590K, capacity 38598K, committed 39296K, reserved 39296K
GC Heap History (10 events):
Event: 54.893 GC heap before
{Heap before GC invocations=108 (full 4):
 def new generation   total 20416K, used 18642K [0x03c00000, 0x05220000, 0x19150000)
  eden space 18176K, 100% used [0x03c00000, 0x04dc0000, 0x04dc0000)
  from space 2240K,  20% used [0x04ff0000, 0x05064938, 0x05220000)
  to   space 2240K,   0% used [0x04dc0000, 0x04dc0000, 0x04ff0000)
 tenured generation   total 45076K, used 44415K [0x19150000, 0x1bd55000, 0x43c00000)
   the space 45076K,  98% used [0x19150000, 0x1bcafe80, 0x1bcb0000, 0x1bd55000)
 Metaspace       used 35964K, capacity 37148K, committed 37248K, reserved 37248K
Event: 54.898 GC heap after
Heap after GC invocations=109 (full 4):
 def new generation   total 20416K, used 610K [0x03c00000, 0x05220000, 0x19150000)
  eden space 18176K,   0% used [0x03c00000, 0x03c00000, 0x04dc0000)
  from space 2240K,  27% used [0x04dc0000, 0x04e589b8, 0x04ff0000)
  to   space 2240K,   0% used [0x04ff0000, 0x04ff0000, 0x05220000)
 tenured generation   total 45076K, used 44415K [0x19150000, 0x1bd55000, 0x43c00000)
   the space 45076K,  98% used [0x19150000, 0x1bcafe80, 0x1bcb0000, 0x1bd55000)
 Metaspace       used 35964K, capacity 37148K, committed 37248K, reserved 37248K
}
Event: 55.599 GC heap before
{Heap before GC invocations=109 (full 4):
 def new generation   total 20416K, used 18786K [0x03c00000, 0x05220000, 0x19150000)
  eden space 18176K, 100% used [0x03c00000, 0x04dc0000, 0x04dc0000)
  from space 2240K,  27% used [0x04dc0000, 0x04e589b8, 0x04ff0000)
  to   space 2240K,   0% used [0x04ff0000, 0x04ff0000, 0x05220000)
 tenured generation   total 45076K, used 44415K [0x19150000, 0x1bd55000, 0x43c00000)
   the space 45076K,  98% used [0x19150000, 0x1bcafe80, 0x1bcb0000, 0x1bd55000)
 Metaspace       used 36110K, capacity 37309K, committed 37376K, reserved 38272K
Event: 55.623 GC heap after
Heap after GC invocations=110 (full 4):
 def new generation   total 20416K, used 2240K [0x03c00000, 0x05220000, 0x19150000)
  eden space 18176K,   0% used [0x03c00000, 0x03c00000, 0x04dc0000)
  from space 2240K, 100% used [0x04ff0000, 0x05220000, 0x05220000)
  to   space 2240K,   0% used [0x04dc0000, 0x04dc0000, 0x04ff0000)
 tenured generation   total 45076K, used 44890K [0x19150000, 0x1bd55000, 0x43c00000)
   the space 45076K,  99% used [0x19150000, 0x1bd26a80, 0x1bd26c00, 0x1bd55000)
 Metaspace       used 36110K, capacity 37309K, committed 37376K, reserved 38272K
}
Event: 57.240 GC heap before
{Heap before GC invocations=110 (full 4):
 def new generation   total 20416K, used 20416K [0x03c00000, 0x05220000, 0x19150000)
  eden space 18176K, 100% used [0x03c00000, 0x04dc0000, 0x04dc0000)
  from space 2240K, 100% used [0x04ff0000, 0x05220000, 0x05220000)
  to   space 2240K,   0% used [0x04dc0000, 0x04dc0000, 0x04ff0000)
 tenured generation   total 45076K, used 44890K [0x19150000, 0x1bd55000, 0x43c00000)
   the space 45076K,  99% used [0x19150000, 0x1bd26a80, 0x1bd26c00, 0x1bd55000)
 Metaspace       used 36521K, capacity 37718K, committed 37760K, reserved 38272K
Event: 57.615 GC heap after
Heap after GC invocations=111 (full 5):
 def new generation   total 24704K, used 0K [0x03c00000, 0x056c0000, 0x19150000)
  eden space 22016K,   0% used [0x03c00000, 0x03c00000, 0x05180000)
  from space 2688K,   0% used [0x05180000, 0x05180000, 0x05420000)
  to   space 2688K,   0% used [0x05420000, 0x05420000, 0x056c0000)
 tenured generation   total 54620K, used 32770K [0x19150000, 0x1c6a7000, 0x43c00000)
   the space 54620K,  59% used [0x19150000, 0x1b150870, 0x1b150a00, 0x1c6a7000)
 Metaspace       used 35624K, capacity 36630K, committed 37760K, reserved 38272K
}
Event: 59.191 GC heap before
{Heap before GC invocations=111 (full 5):
 def new generation   total 24704K, used 22016K [0x03c00000, 0x056c0000, 0x19150000)
  eden space 22016K, 100% used [0x03c00000, 0x05180000, 0x05180000)
  from space 2688K,   0% used [0x05180000, 0x05180000, 0x05420000)
  to   space 2688K,   0% used [0x05420000, 0x05420000, 0x056c0000)
 tenured generation   total 54620K, used 32770K [0x19150000, 0x1c6a7000, 0x43c00000)
   the space 54620K,  59% used [0x19150000, 0x1b150870, 0x1b150a00, 0x1c6a7000)
 Metaspace       used 36010K, capacity 36955K, committed 37760K, reserved 38272K
Event: 59.224 GC heap after
Heap after GC invocations=112 (full 5):
 def new generation   total 24704K, used 2688K [0x03c00000, 0x056c0000, 0x19150000)
  eden space 22016K,   0% used [0x03c00000, 0x03c00000, 0x05180000)
  from space 2688K, 100% used [0x05420000, 0x056c0000, 0x056c0000)
  to   space 2688K,   0% used [0x05180000, 0x05180000, 0x05420000)
 tenured generation   total 54620K, used 34557K [0x19150000, 0x1c6a7000, 0x43c00000)
   the space 54620K,  63% used [0x19150000, 0x1b30f438, 0x1b30f600, 0x1c6a7000)
 Metaspace       used 36010K, capacity 36955K, committed 37760K, reserved 38272K
}
Event: 60.607 GC heap before
{Heap before GC invocations=112 (full 5):
 def new generation   total 24704K, used 24704K [0x03c00000, 0x056c0000, 0x19150000)
  eden space 22016K, 100% used [0x03c00000, 0x05180000, 0x05180000)
  from space 2688K, 100% used [0x05420000, 0x056c0000, 0x056c0000)
  to   space 2688K,   0% used [0x05180000, 0x05180000, 0x05420000)
 tenured generation   total 54620K, used 34557K [0x19150000, 0x1c6a7000, 0x43c00000)
   the space 54620K,  63% used [0x19150000, 0x1b30f438, 0x1b30f600, 0x1c6a7000)
 Metaspace       used 36310K, capacity 37306K, committed 38016K, reserved 38272K
Event: 60.638 GC heap after
Heap after GC invocations=113 (full 5):
 def new generation   total 24704K, used 2688K [0x03c00000, 0x056c0000, 0x19150000)
  eden space 22016K,   0% used [0x03c00000, 0x03c00000, 0x05180000)
  from space 2688K, 100% used [0x05180000, 0x05420000, 0x05420000)
  to   space 2688K,   0% used [0x05420000, 0x05420000, 0x056c0000)
 tenured generation   total 54620K, used 37265K [0x19150000, 0x1c6a7000, 0x43c00000)
   the space 54620K,  68% used [0x19150000, 0x1b5b4588, 0x1b5b4600, 0x1c6a7000)
 Metaspace       used 36310K, capacity 37306K, committed 38016K, reserved 38272K
}

