# JRE version: Java(TM) SE Runtime Environment (8.0_31-b13) (build 1.8.0_31-b13)
# Java VM: Java HotSpot(TM) Client VM (25.31-b07 mixed mode windows-x86 )
Heap:
 def new generation   total 26560K, used 10235K [0x03c00000, 0x058d0000, 0x19150000)
  eden space 23616K,  35% used [0x03c00000, 0x0442f600, 0x05310000)
  from space 2944K,  62% used [0x055f0000, 0x057bf9f0, 0x058d0000)
  to   space 2944K,   0% used [0x05310000, 0x05310000, 0x055f0000)
 tenured generation   total 58808K, used 58385K [0x19150000, 0x1cabe000, 0x43c00000)
   the space 58808K,  99% used [0x19150000, 0x1ca54780, 0x1ca54800, 0x1cabe000)
 Metaspace       used 40292K, capacity 41536K, committed 41600K, reserved 42368K
GC Heap History (10 events):
Event: 349.734 GC heap before
{Heap before GC invocations=116 (full 5):
 def new generation   total 26560K, used 25797K [0x03c00000, 0x058d0000, 0x19150000)
  eden space 23616K, 100% used [0x03c00000, 0x05310000, 0x05310000)
  from space 2944K,  74% used [0x05310000, 0x055316a8, 0x055f0000)
  to   space 2944K,   0% used [0x055f0000, 0x055f0000, 0x058d0000)
 tenured generation   total 58808K, used 47359K [0x19150000, 0x1cabe000, 0x43c00000)
   the space 58808K,  80% used [0x19150000, 0x1bf8ff58, 0x1bf90000, 0x1cabe000)
 Metaspace       used 37768K, capacity 38999K, committed 39040K, reserved 39296K
Event: 349.748 GC heap after
Heap after GC invocations=117 (full 5):
 def new generation   total 26560K, used 1594K [0x03c00000, 0x058d0000, 0x19150000)
  eden space 23616K,   0% used [0x03c00000, 0x03c00000, 0x05310000)
  from space 2944K,  54% used [0x055f0000, 0x0577eb90, 0x058d0000)
  to   space 2944K,   0% used [0x05310000, 0x05310000, 0x055f0000)
 tenured generation   total 58808K, used 48096K [0x19150000, 0x1cabe000, 0x43c00000)
   the space 58808K,  81% used [0x19150000, 0x1c0481b0, 0x1c048200, 0x1cabe000)
 Metaspace       used 37768K, capacity 38999K, committed 39040K, reserved 39296K
}
Event: 352.863 GC heap before
{Heap before GC invocations=117 (full 5):
 def new generation   total 26560K, used 25210K [0x03c00000, 0x058d0000, 0x19150000)
  eden space 23616K, 100% used [0x03c00000, 0x05310000, 0x05310000)
  from space 2944K,  54% used [0x055f0000, 0x0577eb90, 0x058d0000)
  to   space 2944K,   0% used [0x05310000, 0x05310000, 0x055f0000)
 tenured generation   total 58808K, used 48096K [0x19150000, 0x1cabe000, 0x43c00000)
   the space 58808K,  81% used [0x19150000, 0x1c0481b0, 0x1c048200, 0x1cabe000)
 Metaspace       used 38196K, capacity 39396K, committed 39424K, reserved 40320K
Event: 352.892 GC heap after
Heap after GC invocations=118 (full 5):
 def new generation   total 26560K, used 2944K [0x03c00000, 0x058d0000, 0x19150000)
  eden space 23616K,   0% used [0x03c00000, 0x03c00000, 0x05310000)
  from space 2944K, 100% used [0x05310000, 0x055f0000, 0x055f0000)
  to   space 2944K,   0% used [0x055f0000, 0x055f0000, 0x058d0000)
 tenured generation   total 58808K, used 49417K [0x19150000, 0x1cabe000, 0x43c00000)
   the space 58808K,  84% used [0x19150000, 0x1c192660, 0x1c192800, 0x1cabe000)
 Metaspace       used 38196K, capacity 39396K, committed 39424K, reserved 40320K
}
Event: 356.898 GC heap before
{Heap before GC invocations=118 (full 5):
 def new generation   total 26560K, used 26480K [0x03c00000, 0x058d0000, 0x19150000)
  eden space 23616K,  99% used [0x03c00000, 0x052fc010, 0x05310000)
  from space 2944K, 100% used [0x05310000, 0x055f0000, 0x055f0000)
  to   space 2944K,   0% used [0x055f0000, 0x055f0000, 0x058d0000)
 tenured generation   total 58808K, used 49417K [0x19150000, 0x1cabe000, 0x43c00000)
   the space 58808K,  84% used [0x19150000, 0x1c192660, 0x1c192800, 0x1cabe000)
 Metaspace       used 38729K, capacity 39970K, committed 40064K, reserved 40320K
Event: 356.929 GC heap after
Heap after GC invocations=119 (full 5):
 def new generation   total 26560K, used 2326K [0x03c00000, 0x058d0000, 0x19150000)
  eden space 23616K,   0% used [0x03c00000, 0x03c00000, 0x05310000)
  from space 2944K,  79% used [0x055f0000, 0x05835b68, 0x058d0000)
  to   space 2944K,   0% used [0x05310000, 0x05310000, 0x055f0000)
 tenured generation   total 58808K, used 52282K [0x19150000, 0x1cabe000, 0x43c00000)
   the space 58808K,  88% used [0x19150000, 0x1c45eb98, 0x1c45ec00, 0x1cabe000)
 Metaspace       used 38729K, capacity 39970K, committed 40064K, reserved 40320K
}
Event: 357.487 GC heap before
{Heap before GC invocations=119 (full 5):
 def new generation   total 26560K, used 25942K [0x03c00000, 0x058d0000, 0x19150000)
  eden space 23616K, 100% used [0x03c00000, 0x05310000, 0x05310000)
  from space 2944K,  79% used [0x055f0000, 0x05835b68, 0x058d0000)
  to   space 2944K,   0% used [0x05310000, 0x05310000, 0x055f0000)
 tenured generation   total 58808K, used 52282K [0x19150000, 0x1cabe000, 0x43c00000)
   the space 58808K,  88% used [0x19150000, 0x1c45eb98, 0x1c45ec00, 0x1cabe000)
 Metaspace       used 38730K, capacity 39970K, committed 40064K, reserved 40320K
Event: 357.528 GC heap after
Heap after GC invocations=120 (full 5):
 def new generation   total 26560K, used 2944K [0x03c00000, 0x058d0000, 0x19150000)
  eden space 23616K,   0% used [0x03c00000, 0x03c00000, 0x05310000)
  from space 2944K, 100% used [0x05310000, 0x055f0000, 0x055f0000)
  to   space 2944K,   0% used [0x055f0000, 0x055f0000, 0x058d0000)
 tenured generation   total 58808K, used 55469K [0x19150000, 0x1cabe000, 0x43c00000)
   the space 58808K,  94% used [0x19150000, 0x1c77b4b0, 0x1c77b600, 0x1cabe000)
 Metaspace       used 38730K, capacity 39970K, committed 40064K, reserved 40320K
}
Event: 359.721 GC heap before
{Heap before GC invocations=120 (full 5):
 def new generation   total 26560K, used 26560K [0x03c00000, 0x058d0000, 0x19150000)
  eden space 23616K, 100% used [0x03c00000, 0x05310000, 0x05310000)
  from space 2944K, 100% used [0x05310000, 0x055f0000, 0x055f0000)
  to   space 2944K,   0% used [0x055f0000, 0x055f0000, 0x058d0000)
 tenured generation   total 58808K, used 55469K [0x19150000, 0x1cabe000, 0x43c00000)
   the space 58808K,  94% used [0x19150000, 0x1c77b4b0, 0x1c77b600, 0x1cabe000)
 Metaspace       used 39356K, capacity 40598K, committed 40704K, reserved 41344K
Event: 359.752 GC heap after
Heap after GC invocations=121 (full 5):
 def new generation   total 26560K, used 1854K [0x03c00000, 0x058d0000, 0x19150000)
  eden space 23616K,   0% used [0x03c00000, 0x03c00000, 0x05310000)
  from space 2944K,  62% used [0x055f0000, 0x057bf9f0, 0x058d0000)
  to   space 2944K,   0% used [0x05310000, 0x05310000, 0x055f0000)
 tenured generation   total 58808K, used 58385K [0x19150000, 0x1cabe000, 0x43c00000)
   the space 58808K,  99% used [0x19150000, 0x1ca54780, 0x1ca54800, 0x1cabe000)
 Metaspace       used 39356K, capacity 40598K, committed 40704K, reserved 41344K
}

