# JRE version: Java(TM) SE Runtime Environment (8.0_31-b13) (build 1.8.0_31-b13)
# Java VM: Java HotSpot(TM) Client VM (25.31-b07 mixed mode windows-x86 )
Heap:
 def new generation   total 20096K, used 7503K [0x03a00000, 0x04fc0000, 0x18f50000)
  eden space 17920K,  36% used [0x03a00000, 0x0406c0a8, 0x04b80000)
  from space 2176K,  42% used [0x04da0000, 0x04e87b88, 0x04fc0000)
  to   space 2176K,   0% used [0x04b80000, 0x04b80000, 0x04da0000)
 tenured generation   total 44384K, used 39975K [0x18f50000, 0x1baa8000, 0x43a00000)
   the space 44384K,  90% used [0x18f50000, 0x1b659d38, 0x1b659e00, 0x1baa8000)
 Metaspace       used 37530K, capacity 38506K, committed 39168K, reserved 39296K
GC Heap History (10 events):
Event: 82.057 GC heap before
{Heap before GC invocations=111 (full 5):
 def new generation   total 20096K, used 19517K [0x03a00000, 0x04fc0000, 0x18f50000)
  eden space 17920K, 100% used [0x03a00000, 0x04b80000, 0x04b80000)
  from space 2176K,  73% used [0x04b80000, 0x04d0f6e8, 0x04da0000)
  to   space 2176K,   0% used [0x04da0000, 0x04da0000, 0x04fc0000)
 tenured generation   total 44384K, used 28636K [0x18f50000, 0x1baa8000, 0x43a00000)
   the space 44384K,  64% used [0x18f50000, 0x1ab47308, 0x1ab47400, 0x1baa8000)
 Metaspace       used 35480K, capacity 36427K, committed 37248K, reserved 37248K
Event: 82.082 GC heap after
Heap after GC invocations=112 (full 5):
 def new generation   total 20096K, used 2176K [0x03a00000, 0x04fc0000, 0x18f50000)
  eden space 17920K,   0% used [0x03a00000, 0x03a00000, 0x04b80000)
  from space 2176K, 100% used [0x04da0000, 0x04fc0000, 0x04fc0000)
  to   space 2176K,   0% used [0x04b80000, 0x04b80000, 0x04da0000)
 tenured generation   total 44384K, used 30729K [0x18f50000, 0x1baa8000, 0x43a00000)
   the space 44384K,  69% used [0x18f50000, 0x1ad526d0, 0x1ad52800, 0x1baa8000)
 Metaspace       used 35480K, capacity 36427K, committed 37248K, reserved 37248K
}
Event: 83.373 GC heap before
{Heap before GC invocations=112 (full 5):
 def new generation   total 20096K, used 20096K [0x03a00000, 0x04fc0000, 0x18f50000)
  eden space 17920K, 100% used [0x03a00000, 0x04b80000, 0x04b80000)
  from space 2176K, 100% used [0x04da0000, 0x04fc0000, 0x04fc0000)
  to   space 2176K,   0% used [0x04b80000, 0x04b80000, 0x04da0000)
 tenured generation   total 44384K, used 30729K [0x18f50000, 0x1baa8000, 0x43a00000)
   the space 44384K,  69% used [0x18f50000, 0x1ad526d0, 0x1ad52800, 0x1baa8000)
 Metaspace       used 35863K, capacity 36799K, committed 37504K, reserved 38272K
Event: 83.394 GC heap after
Heap after GC invocations=113 (full 5):
 def new generation   total 20096K, used 1366K [0x03a00000, 0x04fc0000, 0x18f50000)
  eden space 17920K,   0% used [0x03a00000, 0x03a00000, 0x04b80000)
  from space 2176K,  62% used [0x04b80000, 0x04cd5bc8, 0x04da0000)
  to   space 2176K,   0% used [0x04da0000, 0x04da0000, 0x04fc0000)
 tenured generation   total 44384K, used 32790K [0x18f50000, 0x1baa8000, 0x43a00000)
   the space 44384K,  73% used [0x18f50000, 0x1af55a48, 0x1af55c00, 0x1baa8000)
 Metaspace       used 35863K, capacity 36799K, committed 37504K, reserved 38272K
}
Event: 83.953 GC heap before
{Heap before GC invocations=113 (full 5):
 def new generation   total 20096K, used 19286K [0x03a00000, 0x04fc0000, 0x18f50000)
  eden space 17920K, 100% used [0x03a00000, 0x04b80000, 0x04b80000)
  from space 2176K,  62% used [0x04b80000, 0x04cd5bc8, 0x04da0000)
  to   space 2176K,   0% used [0x04da0000, 0x04da0000, 0x04fc0000)
 tenured generation   total 44384K, used 32790K [0x18f50000, 0x1baa8000, 0x43a00000)
   the space 44384K,  73% used [0x18f50000, 0x1af55a48, 0x1af55c00, 0x1baa8000)
 Metaspace       used 35950K, capacity 36866K, committed 37632K, reserved 38272K
Event: 83.981 GC heap after
Heap after GC invocations=114 (full 5):
 def new generation   total 20096K, used 2176K [0x03a00000, 0x04fc0000, 0x18f50000)
  eden space 17920K,   0% used [0x03a00000, 0x03a00000, 0x04b80000)
  from space 2176K, 100% used [0x04da0000, 0x04fc0000, 0x04fc0000)
  to   space 2176K,   0% used [0x04b80000, 0x04b80000, 0x04da0000)
 tenured generation   total 44384K, used 35486K [0x18f50000, 0x1baa8000, 0x43a00000)
   the space 44384K,  79% used [0x18f50000, 0x1b1f7b38, 0x1b1f7c00, 0x1baa8000)
 Metaspace       used 35950K, capacity 36866K, committed 37632K, reserved 38272K
}
Event: 84.794 GC heap before
{Heap before GC invocations=114 (full 5):
 def new generation   total 20096K, used 20096K [0x03a00000, 0x04fc0000, 0x18f50000)
  eden space 17920K, 100% used [0x03a00000, 0x04b80000, 0x04b80000)
  from space 2176K, 100% used [0x04da0000, 0x04fc0000, 0x04fc0000)
  to   space 2176K,   0% used [0x04b80000, 0x04b80000, 0x04da0000)
 tenured generation   total 44384K, used 35486K [0x18f50000, 0x1baa8000, 0x43a00000)
   the space 44384K,  79% used [0x18f50000, 0x1b1f7b38, 0x1b1f7c00, 0x1baa8000)
 Metaspace       used 36221K, capacity 37204K, committed 37888K, reserved 38272K
Event: 84.819 GC heap after
Heap after GC invocations=115 (full 5):
 def new generation   total 20096K, used 2176K [0x03a00000, 0x04fc0000, 0x18f50000)
  eden space 17920K,   0% used [0x03a00000, 0x03a00000, 0x04b80000)
  from space 2176K, 100% used [0x04b80000, 0x04da0000, 0x04da0000)
  to   space 2176K,   0% used [0x04da0000, 0x04da0000, 0x04fc0000)
 tenured generation   total 44384K, used 37929K [0x18f50000, 0x1baa8000, 0x43a00000)
   the space 44384K,  85% used [0x18f50000, 0x1b45a440, 0x1b45a600, 0x1baa8000)
 Metaspace       used 36221K, capacity 37204K, committed 37888K, reserved 38272K
}
Event: 85.072 GC heap before
{Heap before GC invocations=115 (full 5):
 def new generation   total 20096K, used 20096K [0x03a00000, 0x04fc0000, 0x18f50000)
  eden space 17920K, 100% used [0x03a00000, 0x04b80000, 0x04b80000)
  from space 2176K, 100% used [0x04b80000, 0x04da0000, 0x04da0000)
  to   space 2176K,   0% used [0x04da0000, 0x04da0000, 0x04fc0000)
 tenured generation   total 44384K, used 37929K [0x18f50000, 0x1baa8000, 0x43a00000)
   the space 44384K,  85% used [0x18f50000, 0x1b45a440, 0x1b45a600, 0x1baa8000)
 Metaspace       used 36374K, capacity 37315K, committed 38016K, reserved 38272K
Event: 85.089 GC heap after
Heap after GC invocations=116 (full 5):
 def new generation   total 20096K, used 926K [0x03a00000, 0x04fc0000, 0x18f50000)
  eden space 17920K,   0% used [0x03a00000, 0x03a00000, 0x04b80000)
  from space 2176K,  42% used [0x04da0000, 0x04e87b88, 0x04fc0000)
  to   space 2176K,   0% used [0x04b80000, 0x04b80000, 0x04da0000)
 tenured generation   total 44384K, used 39975K [0x18f50000, 0x1baa8000, 0x43a00000)
   the space 44384K,  90% used [0x18f50000, 0x1b659d38, 0x1b659e00, 0x1baa8000)
 Metaspace       used 36374K, capacity 37315K, committed 38016K, reserved 38272K
}

