# JRE version: Java(TM) SE Runtime Environment (8.0_31-b13) (build 1.8.0_31-b13)
# Java VM: Java HotSpot(TM) Client VM (25.31-b07 mixed mode windows-x86 )
Heap:
 def new generation   total 19200K, used 15919K [0x03a00000, 0x04ed0000, 0x18f50000)
  eden space 17088K,  83% used [0x03a00000, 0x04800288, 0x04ab0000)
  from space 2112K,  74% used [0x04cc0000, 0x04e4ba18, 0x04ed0000)
  to   space 2112K,   0% used [0x04ab0000, 0x04ab0000, 0x04cc0000)
 tenured generation   total 42440K, used 38278K [0x18f50000, 0x1b8c2000, 0x43a00000)
   the space 42440K,  90% used [0x18f50000, 0x1b4b1b98, 0x1b4b1c00, 0x1b8c2000)
 Metaspace       used 37532K, capacity 38509K, committed 39168K, reserved 39296K
GC Heap History (10 events):
Event: 101.303 GC heap before
{Heap before GC invocations=111 (full 5):
 def new generation   total 19200K, used 18468K [0x03a00000, 0x04ed0000, 0x18f50000)
  eden space 17088K, 100% used [0x03a00000, 0x04ab0000, 0x04ab0000)
  from space 2112K,  65% used [0x04ab0000, 0x04c093e8, 0x04cc0000)
  to   space 2112K,   0% used [0x04cc0000, 0x04cc0000, 0x04ed0000)
 tenured generation   total 42440K, used 27651K [0x18f50000, 0x1b8c2000, 0x43a00000)
   the space 42440K,  65% used [0x18f50000, 0x1aa50ec0, 0x1aa51000, 0x1b8c2000)
 Metaspace       used 35119K, capacity 36065K, committed 37120K, reserved 37248K
Event: 101.325 GC heap after
Heap after GC invocations=112 (full 5):
 def new generation   total 19200K, used 2112K [0x03a00000, 0x04ed0000, 0x18f50000)
  eden space 17088K,   0% used [0x03a00000, 0x03a00000, 0x04ab0000)
  from space 2112K, 100% used [0x04cc0000, 0x04ed0000, 0x04ed0000)
  to   space 2112K,   0% used [0x04ab0000, 0x04ab0000, 0x04cc0000)
 tenured generation   total 42440K, used 29175K [0x18f50000, 0x1b8c2000, 0x43a00000)
   the space 42440K,  68% used [0x18f50000, 0x1abcdd98, 0x1abcde00, 0x1b8c2000)
 Metaspace       used 35119K, capacity 36065K, committed 37120K, reserved 37248K
}
Event: 103.719 GC heap before
{Heap before GC invocations=112 (full 5):
 def new generation   total 19200K, used 19200K [0x03a00000, 0x04ed0000, 0x18f50000)
  eden space 17088K, 100% used [0x03a00000, 0x04ab0000, 0x04ab0000)
  from space 2112K, 100% used [0x04cc0000, 0x04ed0000, 0x04ed0000)
  to   space 2112K,   0% used [0x04ab0000, 0x04ab0000, 0x04cc0000)
 tenured generation   total 42440K, used 29175K [0x18f50000, 0x1b8c2000, 0x43a00000)
   the space 42440K,  68% used [0x18f50000, 0x1abcdd98, 0x1abcde00, 0x1b8c2000)
 Metaspace       used 35570K, capacity 36511K, committed 37248K, reserved 37248K
Event: 103.740 GC heap after
Heap after GC invocations=113 (full 5):
 def new generation   total 19200K, used 1528K [0x03a00000, 0x04ed0000, 0x18f50000)
  eden space 17088K,   0% used [0x03a00000, 0x03a00000, 0x04ab0000)
  from space 2112K,  72% used [0x04ab0000, 0x04c2e0f8, 0x04cc0000)
  to   space 2112K,   0% used [0x04cc0000, 0x04cc0000, 0x04ed0000)
 tenured generation   total 42440K, used 31276K [0x18f50000, 0x1b8c2000, 0x43a00000)
   the space 42440K,  73% used [0x18f50000, 0x1addb1c0, 0x1addb200, 0x1b8c2000)
 Metaspace       used 35570K, capacity 36511K, committed 37248K, reserved 37248K
}
Event: 104.535 GC heap before
{Heap before GC invocations=113 (full 5):
 def new generation   total 19200K, used 18616K [0x03a00000, 0x04ed0000, 0x18f50000)
  eden space 17088K, 100% used [0x03a00000, 0x04ab0000, 0x04ab0000)
  from space 2112K,  72% used [0x04ab0000, 0x04c2e0f8, 0x04cc0000)
  to   space 2112K,   0% used [0x04cc0000, 0x04cc0000, 0x04ed0000)
 tenured generation   total 42440K, used 31276K [0x18f50000, 0x1b8c2000, 0x43a00000)
   the space 42440K,  73% used [0x18f50000, 0x1addb1c0, 0x1addb200, 0x1b8c2000)
 Metaspace       used 35952K, capacity 36868K, committed 37632K, reserved 38272K
Event: 104.563 GC heap after
Heap after GC invocations=114 (full 5):
 def new generation   total 19200K, used 2112K [0x03a00000, 0x04ed0000, 0x18f50000)
  eden space 17088K,   0% used [0x03a00000, 0x03a00000, 0x04ab0000)
  from space 2112K, 100% used [0x04cc0000, 0x04ed0000, 0x04ed0000)
  to   space 2112K,   0% used [0x04ab0000, 0x04ab0000, 0x04cc0000)
 tenured generation   total 42440K, used 33757K [0x18f50000, 0x1b8c2000, 0x43a00000)
   the space 42440K,  79% used [0x18f50000, 0x1b047750, 0x1b047800, 0x1b8c2000)
 Metaspace       used 35952K, capacity 36868K, committed 37632K, reserved 38272K
}
Event: 104.827 GC heap before
{Heap before GC invocations=114 (full 5):
 def new generation   total 19200K, used 19200K [0x03a00000, 0x04ed0000, 0x18f50000)
  eden space 17088K, 100% used [0x03a00000, 0x04ab0000, 0x04ab0000)
  from space 2112K, 100% used [0x04cc0000, 0x04ed0000, 0x04ed0000)
  to   space 2112K,   0% used [0x04ab0000, 0x04ab0000, 0x04cc0000)
 tenured generation   total 42440K, used 33757K [0x18f50000, 0x1b8c2000, 0x43a00000)
   the space 42440K,  79% used [0x18f50000, 0x1b047750, 0x1b047800, 0x1b8c2000)
 Metaspace       used 35953K, capacity 36868K, committed 37632K, reserved 38272K
Event: 104.852 GC heap after
Heap after GC invocations=115 (full 5):
 def new generation   total 19200K, used 2112K [0x03a00000, 0x04ed0000, 0x18f50000)
  eden space 17088K,   0% used [0x03a00000, 0x03a00000, 0x04ab0000)
  from space 2112K, 100% used [0x04ab0000, 0x04cc0000, 0x04cc0000)
  to   space 2112K,   0% used [0x04cc0000, 0x04cc0000, 0x04ed0000)
 tenured generation   total 42440K, used 36208K [0x18f50000, 0x1b8c2000, 0x43a00000)
   the space 42440K,  85% used [0x18f50000, 0x1b2ac140, 0x1b2ac200, 0x1b8c2000)
 Metaspace       used 35953K, capacity 36868K, committed 37632K, reserved 38272K
}
Event: 105.928 GC heap before
{Heap before GC invocations=115 (full 5):
 def new generation   total 19200K, used 19200K [0x03a00000, 0x04ed0000, 0x18f50000)
  eden space 17088K, 100% used [0x03a00000, 0x04ab0000, 0x04ab0000)
  from space 2112K, 100% used [0x04ab0000, 0x04cc0000, 0x04cc0000)
  to   space 2112K,   0% used [0x04cc0000, 0x04cc0000, 0x04ed0000)
 tenured generation   total 42440K, used 36208K [0x18f50000, 0x1b8c2000, 0x43a00000)
   the space 42440K,  85% used [0x18f50000, 0x1b2ac140, 0x1b2ac200, 0x1b8c2000)
 Metaspace       used 36316K, capacity 37285K, committed 37888K, reserved 38272K
Event: 105.946 GC heap after
Heap after GC invocations=116 (full 5):
 def new generation   total 19200K, used 1582K [0x03a00000, 0x04ed0000, 0x18f50000)
  eden space 17088K,   0% used [0x03a00000, 0x03a00000, 0x04ab0000)
  from space 2112K,  74% used [0x04cc0000, 0x04e4ba18, 0x04ed0000)
  to   space 2112K,   0% used [0x04ab0000, 0x04ab0000, 0x04cc0000)
 tenured generation   total 42440K, used 38278K [0x18f50000, 0x1b8c2000, 0x43a00000)
   the space 42440K,  90% used [0x18f50000, 0x1b4b1b98, 0x1b4b1c00, 0x1b8c2000)
 Metaspace       used 36316K, capacity 37285K, committed 37888K, reserved 38272K
}

