# JRE version: Java(TM) SE Runtime Environment (8.0_31-b13) (build 1.8.0_31-b13)
# Java VM: Java HotSpot(TM) Client VM (25.31-b07 mixed mode windows-x86 )
Heap:
 def new generation   total 29120K, used 20228K [0x03c00000, 0x05b90000, 0x19150000)
  eden space 25920K,  66% used [0x03c00000, 0x04cc32a0, 0x05550000)
  from space 3200K,  95% used [0x05870000, 0x05b6dec0, 0x05b90000)
  to   space 3200K,   0% used [0x05550000, 0x05550000, 0x05870000)
 tenured generation   total 64488K, used 52778K [0x19150000, 0x1d04a000, 0x43c00000)
   the space 64488K,  81% used [0x19150000, 0x1c4da970, 0x1c4daa00, 0x1d04a000)
 Metaspace       used 38444K, capacity 39661K, committed 39808K, reserved 40320K
GC Heap History (10 events):
Event: 54.638 GC heap before
{Heap before GC invocations=107 (full 5):
 def new generation   total 29120K, used 29120K [0x03c00000, 0x05b90000, 0x19150000)
  eden space 25920K, 100% used [0x03c00000, 0x05550000, 0x05550000)
  from space 3200K, 100% used [0x05550000, 0x05870000, 0x05870000)
  to   space 3200K,   0% used [0x05870000, 0x05870000, 0x05b90000)
 tenured generation   total 64488K, used 40963K [0x19150000, 0x1d04a000, 0x43c00000)
   the space 64488K,  63% used [0x19150000, 0x1b950c80, 0x1b950e00, 0x1d04a000)
 Metaspace       used 35934K, capacity 37069K, committed 37120K, reserved 37248K
Event: 54.664 GC heap after
Heap after GC invocations=108 (full 5):
 def new generation   total 29120K, used 1349K [0x03c00000, 0x05b90000, 0x19150000)
  eden space 25920K,   0% used [0x03c00000, 0x03c00000, 0x05550000)
  from space 3200K,  42% used [0x05870000, 0x059c1520, 0x05b90000)
  to   space 3200K,   0% used [0x05550000, 0x05550000, 0x05870000)
 tenured generation   total 64488K, used 44145K [0x19150000, 0x1d04a000, 0x43c00000)
   the space 64488K,  68% used [0x19150000, 0x1bc6c598, 0x1bc6c600, 0x1d04a000)
 Metaspace       used 35934K, capacity 37069K, committed 37120K, reserved 37248K
}
Event: 56.717 GC heap before
{Heap before GC invocations=108 (full 5):
 def new generation   total 29120K, used 27269K [0x03c00000, 0x05b90000, 0x19150000)
  eden space 25920K, 100% used [0x03c00000, 0x05550000, 0x05550000)
  from space 3200K,  42% used [0x05870000, 0x059c1520, 0x05b90000)
  to   space 3200K,   0% used [0x05550000, 0x05550000, 0x05870000)
 tenured generation   total 64488K, used 44145K [0x19150000, 0x1d04a000, 0x43c00000)
   the space 64488K,  68% used [0x19150000, 0x1bc6c598, 0x1bc6c600, 0x1d04a000)
 Metaspace       used 35966K, capacity 37131K, committed 37248K, reserved 37248K
Event: 56.731 GC heap after
Heap after GC invocations=109 (full 5):
 def new generation   total 29120K, used 1818K [0x03c00000, 0x05b90000, 0x19150000)
  eden space 25920K,   0% used [0x03c00000, 0x03c00000, 0x05550000)
  from space 3200K,  56% used [0x05550000, 0x05716940, 0x05870000)
  to   space 3200K,   0% used [0x05870000, 0x05870000, 0x05b90000)
 tenured generation   total 64488K, used 44145K [0x19150000, 0x1d04a000, 0x43c00000)
   the space 64488K,  68% used [0x19150000, 0x1bc6c598, 0x1bc6c600, 0x1d04a000)
 Metaspace       used 35966K, capacity 37131K, committed 37248K, reserved 37248K
}
Event: 62.481 GC heap before
{Heap before GC invocations=109 (full 5):
 def new generation   total 29120K, used 27738K [0x03c00000, 0x05b90000, 0x19150000)
  eden space 25920K, 100% used [0x03c00000, 0x05550000, 0x05550000)
  from space 3200K,  56% used [0x05550000, 0x05716940, 0x05870000)
  to   space 3200K,   0% used [0x05870000, 0x05870000, 0x05b90000)
 tenured generation   total 64488K, used 44145K [0x19150000, 0x1d04a000, 0x43c00000)
   the space 64488K,  68% used [0x19150000, 0x1bc6c598, 0x1bc6c600, 0x1d04a000)
 Metaspace       used 36438K, capacity 37631K, committed 37760K, reserved 38272K
Event: 62.509 GC heap after
Heap after GC invocations=110 (full 5):
 def new generation   total 29120K, used 3200K [0x03c00000, 0x05b90000, 0x19150000)
  eden space 25920K,   0% used [0x03c00000, 0x03c00000, 0x05550000)
  from space 3200K, 100% used [0x05870000, 0x05b90000, 0x05b90000)
  to   space 3200K,   0% used [0x05550000, 0x05550000, 0x05870000)
 tenured generation   total 64488K, used 45258K [0x19150000, 0x1d04a000, 0x43c00000)
   the space 64488K,  70% used [0x19150000, 0x1bd82920, 0x1bd82a00, 0x1d04a000)
 Metaspace       used 36438K, capacity 37631K, committed 37760K, reserved 38272K
}
Event: 63.897 GC heap before
{Heap before GC invocations=110 (full 5):
 def new generation   total 29120K, used 29120K [0x03c00000, 0x05b90000, 0x19150000)
  eden space 25920K, 100% used [0x03c00000, 0x05550000, 0x05550000)
  from space 3200K, 100% used [0x05870000, 0x05b90000, 0x05b90000)
  to   space 3200K,   0% used [0x05550000, 0x05550000, 0x05870000)
 tenured generation   total 64488K, used 45258K [0x19150000, 0x1d04a000, 0x43c00000)
   the space 64488K,  70% used [0x19150000, 0x1bd82920, 0x1bd82a00, 0x1d04a000)
 Metaspace       used 36876K, capacity 38001K, committed 38016K, reserved 38272K
Event: 63.951 GC heap after
Heap after GC invocations=111 (full 5):
 def new generation   total 29120K, used 3200K [0x03c00000, 0x05b90000, 0x19150000)
  eden space 25920K,   0% used [0x03c00000, 0x03c00000, 0x05550000)
  from space 3200K, 100% used [0x05550000, 0x05870000, 0x05870000)
  to   space 3200K,   0% used [0x05870000, 0x05870000, 0x05b90000)
 tenured generation   total 64488K, used 49648K [0x19150000, 0x1d04a000, 0x43c00000)
   the space 64488K,  76% used [0x19150000, 0x1c1cc018, 0x1c1cc200, 0x1d04a000)
 Metaspace       used 36876K, capacity 38001K, committed 38016K, reserved 38272K
}
Event: 65.943 GC heap before
{Heap before GC invocations=111 (full 5):
 def new generation   total 29120K, used 29120K [0x03c00000, 0x05b90000, 0x19150000)
  eden space 25920K, 100% used [0x03c00000, 0x05550000, 0x05550000)
  from space 3200K, 100% used [0x05550000, 0x05870000, 0x05870000)
  to   space 3200K,   0% used [0x05870000, 0x05870000, 0x05b90000)
 tenured generation   total 64488K, used 49648K [0x19150000, 0x1d04a000, 0x43c00000)
   the space 64488K,  76% used [0x19150000, 0x1c1cc018, 0x1c1cc200, 0x1d04a000)
 Metaspace       used 37227K, capacity 38435K, committed 38528K, reserved 39296K
Event: 65.981 GC heap after
Heap after GC invocations=112 (full 5):
 def new generation   total 29120K, used 3063K [0x03c00000, 0x05b90000, 0x19150000)
  eden space 25920K,   0% used [0x03c00000, 0x03c00000, 0x05550000)
  from space 3200K,  95% used [0x05870000, 0x05b6dec0, 0x05b90000)
  to   space 3200K,   0% used [0x05550000, 0x05550000, 0x05870000)
 tenured generation   total 64488K, used 52778K [0x19150000, 0x1d04a000, 0x43c00000)
   the space 64488K,  81% used [0x19150000, 0x1c4da970, 0x1c4daa00, 0x1d04a000)
 Metaspace       used 37227K, capacity 38435K, committed 38528K, reserved 39296K
}

